#
# A fatal error has been detected by the Java Runtime Environment:
#
#  SIGSEGV (0xb) at pc=0x000000010904622c, pid=28703, tid=0x0000000000004b03
#
# JRE version: OpenJDK Runtime Environment (8.0_152-b01) (build 1.8.0_152-release-1248-b01)
# Java VM: OpenJDK 64-Bit Server VM (25.152-b01 mixed mode bsd-amd64 compressed oops)
# Problematic frame:
# V  [libjvm.dylib+0x4622c]  MachSpillCopyNode::ideal_reg() const+0x8
#
# Failed to write core dump. Core dumps have been disabled. To enable core dumping, try "ulimit -c unlimited" before starting Java again
#
# If you would like to submit a bug report, please visit:
#   http://bugreport.java.com/bugreport/crash.jsp
#

---------------  T H R E A D  ---------------

Current thread (0x00007fcf13003800):  JavaThread "C2 CompilerThread1" daemon [_thread_in_native, id=19203, stack(0x00007000060f5000,0x00007000061f5000)]

siginfo: si_signo: 11 (SIGSEGV), si_code: 0 (unknown), si_addr: 0x0000000000000000

Registers:
RAX=0x20007fcf14754488, RBX=0x00007fcf1ab30a68, RCX=0x00007fcf1a4e9700, RDX=0x00007fcf1a3724b0
RSP=0x00007000061f1950, RBP=0x00007000061f1950, RSI=0x0000000000000000, RDI=0x00007fcf1ab30a68
R8 =0x00007fcf17858ab0, R9 =0x00007fcf17858a70, R10=0x00007fcf17858a70, R11=0x00007fcf17858ab0
R12=0x00007fcf1a3724b0, R13=0x00007000061f32d8, R14=0x00000000000960f0, R15=0x0000000000000000
RIP=0x000000010904622c, EFLAGS=0x0000000000010202, ERR=0x0000000000000000
  TRAPNO=0x000000000000000d

Top of Stack: (sp=0x00007000061f1950)
0x00007000061f1950:   00007000061f1a70 0000000109490330
0x00007000061f1960:   00000000000018e1 00007fcf1240eb40
0x00007000061f1970:   00007fcf187b4a00 00007fcf187b4a50
0x00007000061f1980:   00007fcf187bc9e8 0000000000177710
0x00007000061f1990:   000000000000027a 0000004000000004
0x00007000061f19a0:   0000000000000000 0000700000000007
0x00007000061f19b0:   00007fcf1a12cc50 0000000000000000
0x00007000061f19c0:   0000000000000000 0000000000000000
0x00007000061f19d0:   0000000000000000 0000000000000000
0x00007000061f19e0:   00007fcf1ab30a68 00007fcf1a3723e0
0x00007000061f19f0:   0000000000000016 00007fcf187b62b0
0x00007000061f1a00:   00007fcf187b4a50 0000000000055910
0x00007000061f1a10:   00007fcf1ab30a68 00007000061f32d8
0x00007000061f1a20:   00007fcf1ae989c0 0000000000000000
0x00007000061f1a30:   00000004000a1a30 00007fcf17858ab0
0x00007000061f1a40:   00007fcf17858a70 00007000061f1c10
0x00007000061f1a50:   00007000061f33c0 00007000061f32d8
0x00007000061f1a60:   00007000061f33c0 00007000061f1b48
0x00007000061f1a70:   00007000061f1ca0 000000010914b529
0x00007000061f1a80:   00007fcf1ab23e20 00000001097e4270
0x00007000061f1a90:   000070000000000d 00007000061f4098
0x00007000061f1aa0:   00007000061f32d8 00007fcf00000001
0x00007000061f1ab0:   00007fcf18692530 00007fcf1a48d050
0x00007000061f1ac0:   00007000061f1ae0 000000010914a696
0x00007000061f1ad0:   0000000000000000 0000000000000000
0x00007000061f1ae0:   000000010e2c8000 0000000127f5bed0
0x00007000061f1af0:   0000000108621000 0000000109538437
0x00007000061f1b00:   00007fcf1ac73ce0 00000001095384a3
0x00007000061f1b10:   00007000061f1b70 000000010909b191
0x00007000061f1b20:   00007fcf17a14600 0000000109538437
0x00007000061f1b30:   00007fcf1ac6e200 0000000100000019
0x00007000061f1b40:   00007000061f1b70 000000010000000a 

Instructions: (pc=0x000000010904622c)
0x000000010904620c:   c3 90 55 48 89 e5 b8 58 00 00 00 5d c3 90 55 48
0x000000010904621c:   89 e5 48 8b 47 50 5d c3 55 48 89 e5 48 8b 47 50
0x000000010904622c:   8b 40 10 48 c1 e0 05 48 8d 0d 26 b4 7f 00 8b 44
0x000000010904623c:   01 14 5d c3 55 48 89 e5 48 8b 47 48 5d c3 55 48 

Register to memory mapping:

RAX=0x20007fcf14754488 is an unknown value
RBX=0x00007fcf1ab30a68 is an unknown value
RCX=0x00007fcf1a4e9700 is an unknown value
RDX=0x00007fcf1a3724b0 is an unknown value
RSP=0x00007000061f1950 is pointing into the stack for thread: 0x00007fcf13003800
RBP=0x00007000061f1950 is pointing into the stack for thread: 0x00007fcf13003800
RSI=0x0000000000000000 is an unknown value
RDI=0x00007fcf1ab30a68 is an unknown value
R8 =0x00007fcf17858ab0 is an unknown value
R9 =0x00007fcf17858a70 is an unknown value
R10=0x00007fcf17858a70 is an unknown value
R11=0x00007fcf17858ab0 is an unknown value
R12=0x00007fcf1a3724b0 is an unknown value
R13=0x00007000061f32d8 is pointing into the stack for thread: 0x00007fcf13003800
R14=0x00000000000960f0 is an unknown value
R15=0x0000000000000000 is an unknown value


Stack: [0x00007000060f5000,0x00007000061f5000],  sp=0x00007000061f1950,  free space=1010k
Native frames: (J=compiled Java code, j=interpreted, Vv=VM code, C=native code)
V  [libjvm.dylib+0x4622c]  MachSpillCopyNode::ideal_reg() const+0x8
V  [libjvm.dylib+0x490330]  PhaseChaitin::post_allocate_copy_removal()+0xab4
V  [libjvm.dylib+0x14b529]  PhaseChaitin::Register_Allocate()+0x583
V  [libjvm.dylib+0x19f3bc]  Compile::Code_Gen()+0x14e
V  [libjvm.dylib+0x19de51]  Compile::Compile(ciEnv*, C2Compiler*, ciMethod*, int, bool, bool, bool)+0x8f3
V  [libjvm.dylib+0x13cfab]  C2Compiler::compile_method(ciEnv*, ciMethod*, int)+0x9f
V  [libjvm.dylib+0x1a959e]  CompileBroker::invoke_compiler_on_method(CompileTask*)+0x630
V  [libjvm.dylib+0x1a8a93]  CompileBroker::compiler_thread_loop()+0x26b
V  [libjvm.dylib+0x5326e8]  JavaThread::thread_main_inner()+0x82
V  [libjvm.dylib+0x5325ad]  JavaThread::run()+0x199
V  [libjvm.dylib+0x45fb8d]  java_start(Thread*)+0xfa
C  [libsystem_pthread.dylib+0x32eb]  _pthread_body+0x7e
C  [libsystem_pthread.dylib+0x6249]  _pthread_start+0x42
C  [libsystem_pthread.dylib+0x240d]  thread_start+0xd
C  0x0000000000000000


Current CompileTask:
C2:7093813 29298   !   4       com.sun.tools.javac.comp.Flow$FlowAnalyzer::visitClassDef (631 bytes)


---------------  P R O C E S S  ---------------

Java Threads: ( => current thread )
  0x00007fcf1a79c800 JavaThread "ForkJoinPool.commonPool-worker-3" daemon [_thread_blocked, id=25711, stack(0x0000700008561000,0x0000700008661000)]
  0x00007fcf1a041800 JavaThread "ForkJoinPool.commonPool-worker-2" daemon [_thread_blocked, id=16755, stack(0x000070000835b000,0x000070000845b000)]
  0x00007fcf1285e000 JavaThread "ForkJoinPool.commonPool-worker-1" daemon [_thread_blocked, id=17519, stack(0x0000700008258000,0x0000700008358000)]
  0x00007fcf1a87d000 JavaThread "Cache worker for Java compile cache (/Users/development/Desktop/urbanfarmer/android/.gradle/4.10.2/javaCompile)" [_thread_blocked, id=28271, stack(0x0000700008155000,0x0000700008255000)]
  0x00007fcf17c82800 JavaThread "Cache worker for Build Output Cleanup Cache (/Users/development/Desktop/urbanfarmer/android/.gradle/buildOutputCleanup)" [_thread_blocked, id=23403, stack(0x0000700008052000,0x0000700008152000)]
  0x00007fcf1a87c800 JavaThread "Cache worker for task history cache (/Users/development/Desktop/urbanfarmer/android/.gradle/4.10.2/taskHistory)" [_thread_blocked, id=33075, stack(0x0000700007f4f000,0x000070000804f000)]
  0x00007fcf1315f800 JavaThread "Task worker for ':' Thread 3" [_thread_blocked, id=30063, stack(0x0000700007e4c000,0x0000700007f4c000)]
  0x00007fcf13162000 JavaThread "Task worker for ':' Thread 2" [_thread_blocked, id=29503, stack(0x0000700007d49000,0x0000700007e49000)]
  0x00007fcf12ee2800 JavaThread "Task worker for ':'" [_thread_blocked, id=16179, stack(0x0000700007c46000,0x0000700007d46000)]
  0x00007fcf16d00800 JavaThread "Cache worker for file content cache (/Users/development/Desktop/urbanfarmer/android/.gradle/4.10.2/fileContent)" [_thread_blocked, id=35955, stack(0x0000700007b43000,0x0000700007c43000)]
  0x00007fcf16cff800 JavaThread "Build operations Thread 4" [_thread_blocked, id=37123, stack(0x0000700007a40000,0x0000700007b40000)]
  0x00007fcf16468000 JavaThread "Build operations Thread 3" [_thread_blocked, id=87143, stack(0x0000700007737000,0x0000700007837000)]
  0x00007fcf13bce000 JavaThread "Build operations Thread 2" [_thread_blocked, id=40559, stack(0x0000700007634000,0x0000700007734000)]
  0x00007fcf141d1800 JavaThread "Build operations" [_thread_blocked, id=38727, stack(0x0000700007531000,0x0000700007631000)]
  0x00007fcf12a4d000 JavaThread "Cache worker for cache directory md-rule (/Users/development/.gradle/caches/4.10.2/md-rule)" [_thread_blocked, id=23095, stack(0x000070000742e000,0x000070000752e000)]
  0x00007fcf13028000 JavaThread "Cache worker for cache directory md-supplier (/Users/development/.gradle/caches/4.10.2/md-supplier)" [_thread_blocked, id=13131, stack(0x0000700007228000,0x0000700007328000)]
  0x00007fcf17be6800 JavaThread "Cache worker for file hash cache (/Users/development/Desktop/urbanfarmer/android/.gradle/4.10.2/fileHashes)" [_thread_blocked, id=86059, stack(0x0000700007125000,0x0000700007225000)]
  0x00007fcf1a95f000 JavaThread "Stdin handler" [_thread_blocked, id=34119, stack(0x0000700006f1f000,0x000070000701f000)]
  0x00007fcf137c4000 JavaThread "Asynchronous log dispatcher for DefaultDaemonConnection: socket connection from /127.0.0.1:49249 to /127.0.0.1:58573" [_thread_blocked, id=29247, stack(0x0000700006c16000,0x0000700006d16000)]
  0x00007fcf166db000 JavaThread "Cancel handler" [_thread_blocked, id=33363, stack(0x0000700006b13000,0x0000700006c13000)]
  0x00007fcf17ac1800 JavaThread "Handler for socket connection from /127.0.0.1:49249 to /127.0.0.1:58573" [_thread_in_native, id=28527, stack(0x000070000690d000,0x0000700006a0d000)]
  0x00007fcf14772000 JavaThread "File lock release action executor Thread 2" [_thread_blocked, id=34903, stack(0x000070000680a000,0x000070000690a000)]
  0x00007fcf1aebc000 JavaThread "process reaper" daemon [_thread_blocked, id=17247, stack(0x00007000055d1000,0x00007000055f9000)]
  0x00007fcf16345800 JavaThread "Daemon worker Thread 17" [_thread_in_native, id=39987, stack(0x0000700006a10000,0x0000700006b10000)]
  0x00007fcf1a2be800 JavaThread "Daemon Thread 16" [_thread_blocked, id=38471, stack(0x0000700006707000,0x0000700006807000)]
  0x00007fcf18909800 JavaThread "Cache worker for Java compile cache (/Users/development/.gradle/caches/4.10.2/javaCompile)" [_thread_blocked, id=38155, stack(0x000070000845e000,0x000070000855e000)]
  0x00007fcf13449000 JavaThread "Cache worker for file content cache (/Users/development/.gradle/caches/4.10.2/fileContent)" [_thread_blocked, id=24835, stack(0x000070000793d000,0x0000700007a3d000)]
  0x00007fcf17997000 JavaThread "Memory manager" [_thread_blocked, id=24579, stack(0x000070000783a000,0x000070000793a000)]
  0x00007fcf181a3000 JavaThread "Cache worker for Artifact transforms cache (/Users/development/.gradle/caches/transforms-1)" [_thread_blocked, id=23555, stack(0x000070000732b000,0x000070000742b000)]
  0x00007fcf13114000 JavaThread "Cache worker for journal cache (/Users/development/.gradle/caches/journal-1)" [_thread_blocked, id=41731, stack(0x0000700007022000,0x0000700007122000)]
  0x00007fcf13037000 JavaThread "File lock request listener" [_thread_in_native, id=42243, stack(0x0000700006e1c000,0x0000700006f1c000)]
  0x00007fcf1342b800 JavaThread "Cache worker for file hash cache (/Users/development/.gradle/caches/4.10.2/fileHashes)" [_thread_blocked, id=42499, stack(0x0000700006d19000,0x0000700006e19000)]
  0x00007fcf14463000 JavaThread "Daemon periodic checks" [_thread_blocked, id=15875, stack(0x0000700006604000,0x0000700006704000)]
  0x00007fcf14455800 JavaThread "Incoming local TCP Connector on port 49249" [_thread_in_native, id=15619, stack(0x0000700006501000,0x0000700006601000)]
  0x00007fcf13834800 JavaThread "Service Thread" daemon [_thread_blocked, id=18691, stack(0x00007000062fb000,0x00007000063fb000)]
  0x00007fcf1402a000 JavaThread "C1 CompilerThread2" daemon [_thread_blocked, id=14851, stack(0x00007000061f8000,0x00007000062f8000)]
=>0x00007fcf13003800 JavaThread "C2 CompilerThread1" daemon [_thread_in_native, id=19203, stack(0x00007000060f5000,0x00007000061f5000)]
  0x00007fcf1300e000 JavaThread "C2 CompilerThread0" daemon [_thread_blocked, id=14339, stack(0x0000700005ff2000,0x00007000060f2000)]
  0x00007fcf1401b000 JavaThread "Signal Dispatcher" daemon [_thread_blocked, id=19459, stack(0x0000700005eef000,0x0000700005fef000)]
  0x00007fcf12824800 JavaThread "Finalizer" daemon [_thread_blocked, id=12547, stack(0x0000700005dec000,0x0000700005eec000)]
  0x00007fcf13821800 JavaThread "Reference Handler" daemon [_thread_blocked, id=12291, stack(0x0000700005ce9000,0x0000700005de9000)]
  0x00007fcf14001000 JavaThread "main" [_thread_blocked, id=6147, stack(0x00007000056d7000,0x00007000057d7000)]

Other Threads:
  0x00007fcf1281e000 VMThread [stack: 0x0000700005be6000,0x0000700005ce6000] [id=11779]
  0x00007fcf13835000 WatcherThread [stack: 0x00007000063fe000,0x00007000064fe000] [id=15363]

VM state:not at safepoint (normal execution)

VM Mutex/Monitor currently owned by a thread: None

Heap:
 PSYoungGen      total 325120K, used 308371K [0x00000007aab00000, 0x00000007bfe00000, 0x00000007c0000000)
  eden space 303104K, 99% used [0x00000007aab00000,0x00000007bd06ae20,0x00000007bd300000)
  from space 22016K, 35% used [0x00000007be800000,0x00000007befb9f50,0x00000007bfd80000)
  to   space 21504K, 0% used [0x00000007bd300000,0x00000007bd300000,0x00000007be800000)
 ParOldGen       total 399872K, used 199217K [0x0000000780000000, 0x0000000798680000, 0x00000007aab00000)
  object space 399872K, 49% used [0x0000000780000000,0x000000078c28c430,0x0000000798680000)
 Metaspace       used 96612K, capacity 103378K, committed 103464K, reserved 1138688K
  class space    used 12129K, capacity 13347K, committed 13360K, reserved 1048576K

Card table byte_map: [0x0000000109e5c000,0x000000010a05d000] byte_map_base: 0x000000010625c000

Marking Bits: (ParMarkBitMap*) 0x000000010982c8f8
 Begin Bits: [0x000000010a1b3000, 0x000000010b1b3000)
 End Bits:   [0x000000010b1b3000, 0x000000010c1b3000)

Polling page: 0x000000010867c000

CodeCache: size=245760Kb used=75534Kb max_used=75565Kb free=170225Kb
 bounds [0x000000011245a000, 0x0000000116eaa000, 0x000000012145a000]
 total_blobs=22886 nmethods=22015 adapters=781
 compilation: enabled

Compilation events (10 events):
Event: 7093.696 Thread 0x00007fcf1300e000 29308       4       com.sun.tools.javac.code.Types::asSuper (35 bytes)
Event: 7093.698 Thread 0x00007fcf1300e000 nmethod 29308 0x0000000116e81890 code [0x0000000116e819e0, 0x0000000116e81af8]
Event: 7093.700 Thread 0x00007fcf1300e000 29297       4       com.sun.tools.javac.tree.TreeScanner::visitSelect (9 bytes)
Event: 7093.701 Thread 0x00007fcf1300e000 nmethod 29297 0x000000011280f350 code [0x000000011280f4a0, 0x000000011280f538]
Event: 7093.703 Thread 0x00007fcf1300e000 29300       4       com.sun.tools.javac.tree.TreeScanner::visitApply (25 bytes)
Event: 7093.712 Thread 0x00007fcf1300e000 nmethod 29300 0x000000011280ed50 code [0x000000011280eec0, 0x000000011280f0d8]
Event: 7093.715 Thread 0x00007fcf1300e000 29280       4       com.sun.tools.javac.code.Symbol::isMemberOf (47 bytes)
Event: 7093.760 Thread 0x00007fcf1300e000 nmethod 29280 0x0000000116e8bc50 code [0x0000000116e8bf40, 0x0000000116e8d390]
Event: 7093.762 Thread 0x00007fcf1300e000 29270       4       com.sun.tools.javac.code.Scope$CompoundScope::getElementsByName (11 bytes)
Event: 7093.763 Thread 0x00007fcf1300e000 nmethod 29270 0x0000000112c4c850 code [0x0000000112c4c9a0, 0x0000000112c4ca98]

GC Heap History (10 events):
Event: 6866.204 GC heap before
{Heap before GC invocations=67 (full 5):
 PSYoungGen      total 317952K, used 299095K [0x00000007aab00000, 0x00000007bfd00000, 0x00000007c0000000)
  eden space 290304K, 100% used [0x00000007aab00000,0x00000007bc680000,0x00000007bc680000)
  from space 27648K, 31% used [0x00000007bc680000,0x00000007bcf15f20,0x00000007be180000)
  to   space 26112K, 0% used [0x00000007be380000,0x00000007be380000,0x00000007bfd00000)
 ParOldGen       total 399872K, used 197817K [0x0000000780000000, 0x0000000798680000, 0x00000007aab00000)
  object space 399872K, 49% used [0x0000000780000000,0x000000078c12e420,0x0000000798680000)
 Metaspace       used 95751K, capacity 102368K, committed 102568K, reserved 1138688K
  class space    used 12021K, capacity 13216K, committed 13232K, reserved 1048576K
Event: 6866.311 GC heap after
Heap after GC invocations=67 (full 5):
 PSYoungGen      total 320512K, used 8784K [0x00000007aab00000, 0x00000007bfc80000, 0x00000007c0000000)
  eden space 294912K, 0% used [0x00000007aab00000,0x00000007aab00000,0x00000007bcb00000)
  from space 25600K, 34% used [0x00000007be380000,0x00000007bec14040,0x00000007bfc80000)
  to   space 25088K, 0% used [0x00000007bcb00000,0x00000007bcb00000,0x00000007be380000)
 ParOldGen       total 399872K, used 198849K [0x0000000780000000, 0x0000000798680000, 0x00000007aab00000)
  object space 399872K, 49% used [0x0000000780000000,0x000000078c230430,0x0000000798680000)
 Metaspace       used 95751K, capacity 102368K, committed 102568K, reserved 1138688K
  class space    used 12021K, capacity 13216K, committed 13232K, reserved 1048576K
}
Event: 6868.885 GC heap before
{Heap before GC invocations=68 (full 5):
 PSYoungGen      total 320512K, used 303263K [0x00000007aab00000, 0x00000007bfc80000, 0x00000007c0000000)
  eden space 294912K, 99% used [0x00000007aab00000,0x00000007bca93eb0,0x00000007bcb00000)
  from space 25600K, 34% used [0x00000007be380000,0x00000007bec14040,0x00000007bfc80000)
  to   space 25088K, 0% used [0x00000007bcb00000,0x00000007bcb00000,0x00000007be380000)
 ParOldGen       total 399872K, used 198849K [0x0000000780000000, 0x0000000798680000, 0x00000007aab00000)
  object space 399872K, 49% used [0x0000000780000000,0x000000078c230430,0x0000000798680000)
 Metaspace       used 95754K, capacity 102368K, committed 102568K, reserved 1138688K
  class space    used 12022K, capacity 13216K, committed 13232K, reserved 1048576K
Event: 6868.915 GC heap after
Heap after GC invocations=68 (full 5):
 PSYoungGen      total 320000K, used 8906K [0x00000007aab00000, 0x00000007bfd80000, 0x00000007c0000000)
  eden space 294912K, 0% used [0x00000007aab00000,0x00000007aab00000,0x00000007bcb00000)
  from space 25088K, 35% used [0x00000007bcb00000,0x00000007bd3b2b68,0x00000007be380000)
  to   space 24064K, 0% used [0x00000007be600000,0x00000007be600000,0x00000007bfd80000)
 ParOldGen       total 399872K, used 198889K [0x0000000780000000, 0x0000000798680000, 0x00000007aab00000)
  object space 399872K, 49% used [0x0000000780000000,0x000000078c23a430,0x0000000798680000)
 Metaspace       used 95754K, capacity 102368K, committed 102568K, reserved 1138688K
  class space    used 12022K, capacity 13216K, committed 13232K, reserved 1048576K
}
Event: 7014.926 GC heap before
{Heap before GC invocations=69 (full 5):
 PSYoungGen      total 320000K, used 303426K [0x00000007aab00000, 0x00000007bfd80000, 0x00000007c0000000)
  eden space 294912K, 99% used [0x00000007aab00000,0x00000007bca9de08,0x00000007bcb00000)
  from space 25088K, 35% used [0x00000007bcb00000,0x00000007bd3b2b68,0x00000007be380000)
  to   space 24064K, 0% used [0x00000007be600000,0x00000007be600000,0x00000007bfd80000)
 ParOldGen       total 399872K, used 198889K [0x0000000780000000, 0x0000000798680000, 0x00000007aab00000)
  object space 399872K, 49% used [0x0000000780000000,0x000000078c23a430,0x0000000798680000)
 Metaspace       used 95984K, capacity 102736K, committed 102952K, reserved 1138688K
  class space    used 12048K, capacity 13264K, committed 13360K, reserved 1048576K
Event: 7014.949 GC heap after
Heap after GC invocations=69 (full 5):
 PSYoungGen      total 323072K, used 9258K [0x00000007aab00000, 0x00000007bfd00000, 0x00000007c0000000)
  eden space 299520K, 0% used [0x00000007aab00000,0x00000007aab00000,0x00000007bcf80000)
  from space 23552K, 39% used [0x00000007be600000,0x00000007bef0aa98,0x00000007bfd00000)
  to   space 23040K, 0% used [0x00000007bcf80000,0x00000007bcf80000,0x00000007be600000)
 ParOldGen       total 399872K, used 198905K [0x0000000780000000, 0x0000000798680000, 0x00000007aab00000)
  object space 399872K, 49% used [0x0000000780000000,0x000000078c23e430,0x0000000798680000)
 Metaspace       used 95984K, capacity 102736K, committed 102952K, reserved 1138688K
  class space    used 12048K, capacity 13264K, committed 13360K, reserved 1048576K
}
Event: 7044.613 GC heap before
{Heap before GC invocations=70 (full 5):
 PSYoungGen      total 323072K, used 308778K [0x00000007aab00000, 0x00000007bfd00000, 0x00000007c0000000)
  eden space 299520K, 100% used [0x00000007aab00000,0x00000007bcf80000,0x00000007bcf80000)
  from space 23552K, 39% used [0x00000007be600000,0x00000007bef0aa98,0x00000007bfd00000)
  to   space 23040K, 0% used [0x00000007bcf80000,0x00000007bcf80000,0x00000007be600000)
 ParOldGen       total 399872K, used 198905K [0x0000000780000000, 0x0000000798680000, 0x00000007aab00000)
  object space 399872K, 49% used [0x0000000780000000,0x000000078c23e430,0x0000000798680000)
 Metaspace       used 96432K, capacity 103226K, committed 103464K, reserved 1138688K
  class space    used 12126K, capacity 13345K, committed 13360K, reserved 1048576K
Event: 7044.657 GC heap after
Heap after GC invocations=70 (full 5):
 PSYoungGen      total 322560K, used 10054K [0x00000007aab00000, 0x00000007bfd80000, 0x00000007c0000000)
  eden space 299520K, 0% used [0x00000007aab00000,0x00000007aab00000,0x00000007bcf80000)
  from space 23040K, 43% used [0x00000007bcf80000,0x00000007bd951980,0x00000007be600000)
  to   space 22016K, 0% used [0x00000007be800000,0x00000007be800000,0x00000007bfd80000)
 ParOldGen       total 399872K, used 198945K [0x0000000780000000, 0x0000000798680000, 0x00000007aab00000)
  object space 399872K, 49% used [0x0000000780000000,0x000000078c248430,0x0000000798680000)
 Metaspace       used 96432K, capacity 103226K, committed 103464K, reserved 1138688K
  class space    used 12126K, capacity 13345K, committed 13360K, reserved 1048576K
}
Event: 7045.594 GC heap before
{Heap before GC invocations=71 (full 5):
 PSYoungGen      total 322560K, used 309574K [0x00000007aab00000, 0x00000007bfd80000, 0x00000007c0000000)
  eden space 299520K, 100% used [0x00000007aab00000,0x00000007bcf80000,0x00000007bcf80000)
  from space 23040K, 43% used [0x00000007bcf80000,0x00000007bd951980,0x00000007be600000)
  to   space 22016K, 0% used [0x00000007be800000,0x00000007be800000,0x00000007bfd80000)
 ParOldGen       total 399872K, used 198945K [0x0000000780000000, 0x0000000798680000, 0x00000007aab00000)
  object space 399872K, 49% used [0x0000000780000000,0x000000078c248430,0x0000000798680000)
 Metaspace       used 96442K, capacity 103238K, committed 103464K, reserved 1138688K
  class space    used 12127K, capacity 13347K, committed 13360K, reserved 1048576K
Event: 7045.608 GC heap after
Heap after GC invocations=71 (full 5):
 PSYoungGen      total 325120K, used 7911K [0x00000007aab00000, 0x00000007bfe00000, 0x00000007c0000000)
  eden space 303104K, 0% used [0x00000007aab00000,0x00000007aab00000,0x00000007bd300000)
  from space 22016K, 35% used [0x00000007be800000,0x00000007befb9f50,0x00000007bfd80000)
  to   space 21504K, 0% used [0x00000007bd300000,0x00000007bd300000,0x00000007be800000)
 ParOldGen       total 399872K, used 199217K [0x0000000780000000, 0x0000000798680000, 0x00000007aab00000)
  object space 399872K, 49% used [0x0000000780000000,0x000000078c28c430,0x0000000798680000)
 Metaspace       used 96442K, capacity 103238K, committed 103464K, reserved 1138688K
  class space    used 12127K, capacity 13347K, committed 13360K, reserved 1048576K
}

Deoptimization events (10 events):
Event: 7092.357 Thread 0x00007fcf12ee2800 Uncommon trap: reason=speculate_class_check action=maybe_recompile pc=0x00000001143c879c method=com.sun.tools.javac.util.ArrayUtils.ensureCapacity([Ljava/lang/Object;I)[Ljava/lang/Object; @ 39
Event: 7092.842 Thread 0x00007fcf16345800 Uncommon trap: reason=unstable_if action=reinterpret pc=0x0000000114ed61c4 method=com.sun.tools.javac.parser.JavaTokenizer.scanNumber(II)V @ 186
Event: 7092.888 Thread 0x00007fcf16345800 Uncommon trap: reason=array_check action=maybe_recompile pc=0x0000000116d972c8 method=java.util.ComparableTimSort.mergeLo(IIII)V @ 81
Event: 7092.888 Thread 0x00007fcf16345800 Uncommon trap: reason=array_check action=maybe_recompile pc=0x0000000116d972c8 method=java.util.ComparableTimSort.mergeLo(IIII)V @ 81
Event: 7092.888 Thread 0x00007fcf16345800 Uncommon trap: reason=array_check action=maybe_recompile pc=0x0000000116d9d3e4 method=java.util.ComparableTimSort.reverseRange([Ljava/lang/Object;II)V @ 27
Event: 7092.888 Thread 0x00007fcf16345800 Uncommon trap: reason=array_check action=maybe_recompile pc=0x0000000116d9d3e4 method=java.util.ComparableTimSort.reverseRange([Ljava/lang/Object;II)V @ 27
Event: 7092.888 Thread 0x00007fcf16345800 Uncommon trap: reason=array_check action=maybe_recompile pc=0x0000000116d972c8 method=java.util.ComparableTimSort.mergeLo(IIII)V @ 81
Event: 7092.888 Thread 0x00007fcf16345800 Uncommon trap: reason=array_check action=maybe_recompile pc=0x0000000116d972c8 method=java.util.ComparableTimSort.mergeLo(IIII)V @ 81
Event: 7092.888 Thread 0x00007fcf16345800 Uncommon trap: reason=array_check action=maybe_recompile pc=0x0000000112a26618 method=java.util.ComparableTimSort.mergeLo(IIII)V @ 207
Event: 7092.889 Thread 0x00007fcf16345800 Uncommon trap: reason=array_check action=maybe_recompile pc=0x0000000112a26618 method=java.util.ComparableTimSort.mergeLo(IIII)V @ 207

Classes redefined (0 events):
No events

Internal exceptions (10 events):
Event: 6635.211 Thread 0x00007fcf1a2be800 Exception <a 'java/lang/NoSuchMethodError': <clinit>> (0x00000007b2717830) thrown at [/Volumes/android/AOSP-openjdk-git/jdk8u/hotspot/src/share/vm/prims/jni.cpp, line 1613]
Event: 7010.677 Thread 0x00007fcf16345800 Exception <a 'java/lang/NoSuchMethodError': <clinit>> (0x00000007ad76a360) thrown at [/Volumes/android/AOSP-openjdk-git/jdk8u/hotspot/src/share/vm/prims/jni.cpp, line 1613]
Event: 7010.693 Thread 0x00007fcf16345800 Exception <a 'java/lang/NoSuchMethodError': <clinit>> (0x00000007ad7b9048) thrown at [/Volumes/android/AOSP-openjdk-git/jdk8u/hotspot/src/share/vm/prims/jni.cpp, line 1613]
Event: 7010.720 Thread 0x00007fcf16345800 Exception <a 'java/lang/NoSuchMethodError': <clinit>> (0x00000007ad8c8db8) thrown at [/Volumes/android/AOSP-openjdk-git/jdk8u/hotspot/src/share/vm/prims/jni.cpp, line 1613]
Event: 7010.721 Thread 0x00007fcf16345800 Exception <a 'java/lang/NoSuchMethodError': <clinit>> (0x00000007ad8ccc80) thrown at [/Volumes/android/AOSP-openjdk-git/jdk8u/hotspot/src/share/vm/prims/jni.cpp, line 1613]
Event: 7010.721 Thread 0x00007fcf16345800 Exception <a 'java/lang/NoSuchMethodError': <clinit>> (0x00000007ad8ce770) thrown at [/Volumes/android/AOSP-openjdk-git/jdk8u/hotspot/src/share/vm/prims/jni.cpp, line 1613]
Event: 7010.721 Thread 0x00007fcf16345800 Exception <a 'java/lang/NoSuchMethodError': <clinit>> (0x00000007ad8cff28) thrown at [/Volumes/android/AOSP-openjdk-git/jdk8u/hotspot/src/share/vm/prims/jni.cpp, line 1613]
Event: 7010.721 Thread 0x00007fcf16345800 Exception <a 'java/lang/NoSuchMethodError': <clinit>> (0x00000007ad8d1590) thrown at [/Volumes/android/AOSP-openjdk-git/jdk8u/hotspot/src/share/vm/prims/jni.cpp, line 1613]
Event: 7092.569 Thread 0x00007fcf1a79c800 Exception <a 'sun/nio/fs/UnixException'> (0x00000007ba709a88) thrown at [/Volumes/android/AOSP-openjdk-git/jdk8u/hotspot/src/share/vm/prims/jni.cpp, line 709]
Event: 7092.569 Thread 0x00007fcf1285e000 Exception <a 'sun/nio/fs/UnixException'> (0x00000007ba6c2c00) thrown at [/Volumes/android/AOSP-openjdk-git/jdk8u/hotspot/src/share/vm/prims/jni.cpp, line 709]

Events (10 events):
Event: 7093.564 Thread 0x00007fcf16345800 DEOPT PACKING pc=0x00000001143d4471 sp=0x0000700006b0a350
Event: 7093.564 Thread 0x00007fcf16345800 DEOPT UNPACKING pc=0x00000001124a14c4 sp=0x0000700006b0a068 mode 0
Event: 7093.698 Thread 0x00007fcf1300e000 flushing nmethod 0x000000011280ed50
Event: 7093.701 Thread 0x00007fcf1300e000 flushing nmethod 0x0000000112c4c6d0
Event: 7093.701 Thread 0x00007fcf1300e000 flushing nmethod 0x0000000112c59550
Event: 7093.702 Thread 0x00007fcf1300e000 flushing nmethod 0x0000000112c84650
Event: 7093.702 Thread 0x00007fcf1300e000 flushing nmethod 0x0000000112d4f050
Event: 7093.761 Thread 0x00007fcf1300e000 flushing nmethod 0x000000011335fbd0
Event: 7093.764 Thread 0x00007fcf1300e000 flushing nmethod 0x0000000113808650
Event: 7093.765 Thread 0x00007fcf1300e000 flushing nmethod 0x00000001138229d0


Dynamic libraries:
0x0000000012f8e000 	/System/Library/Frameworks/Cocoa.framework/Versions/A/Cocoa
0x0000000012f8e000 	/System/Library/Frameworks/Security.framework/Versions/A/Security
0x0000000012f8e000 	/System/Library/Frameworks/ApplicationServices.framework/Versions/A/ApplicationServices
0x0000000012f8e000 	/usr/lib/libz.1.dylib
0x0000000012f8e000 	/usr/lib/libSystem.B.dylib
0x0000000012f8e000 	/System/Library/Frameworks/CoreFoundation.framework/Versions/A/CoreFoundation
0x0000000012f8e000 	/System/Library/Frameworks/Foundation.framework/Versions/C/Foundation
0x0000000012f8e000 	/usr/lib/libobjc.A.dylib
0x0000000012f8e000 	/System/Library/Frameworks/AppKit.framework/Versions/C/AppKit
0x0000000012f8e000 	/System/Library/Frameworks/CoreData.framework/Versions/A/CoreData
0x0000000012f8e000 	/System/Library/PrivateFrameworks/RemoteViewServices.framework/Versions/A/RemoteViewServices
0x0000000012f8e000 	/System/Library/PrivateFrameworks/UIFoundation.framework/Versions/A/UIFoundation
0x0000000012f8e000 	/System/Library/PrivateFrameworks/XCTTargetBootstrap.framework/Versions/A/XCTTargetBootstrap
0x0000000012f8e000 	/System/Library/Frameworks/CoreDisplay.framework/Versions/A/CoreDisplay
0x0000000012f8e000 	/System/Library/PrivateFrameworks/IconServices.framework/Versions/A/IconServices
0x0000000012f8e000 	/System/Library/Frameworks/Metal.framework/Versions/A/Metal
0x0000000012f8e000 	/System/Library/PrivateFrameworks/DesktopServicesPriv.framework/Versions/A/DesktopServicesPriv
0x0000000012f8e000 	/usr/lib/libenergytrace.dylib
0x0000000012f8e000 	/System/Library/PrivateFrameworks/SkyLight.framework/Versions/A/SkyLight
0x0000000012f8e000 	/System/Library/Frameworks/CoreGraphics.framework/Versions/A/CoreGraphics
0x0000000012f8e000 	/System/Library/Frameworks/Accelerate.framework/Versions/A/Accelerate
0x0000000012f8e000 	/System/Library/Frameworks/IOSurface.framework/Versions/A/IOSurface
0x0000000012f8e000 	/System/Library/PrivateFrameworks/DFRFoundation.framework/Versions/A/DFRFoundation
0x0000000012f8e000 	/System/Library/Frameworks/AudioToolbox.framework/Versions/A/AudioToolbox
0x0000000012f8e000 	/System/Library/Frameworks/AudioUnit.framework/Versions/A/AudioUnit
0x0000000012f8e000 	/System/Library/PrivateFrameworks/DataDetectorsCore.framework/Versions/A/DataDetectorsCore
0x0000000012f8e000 	/System/Library/Frameworks/Carbon.framework/Versions/A/Frameworks/HIToolbox.framework/Versions/A/HIToolbox
0x0000000012f8e000 	/usr/lib/libicucore.A.dylib
0x0000000012f8e000 	/System/Library/Frameworks/QuartzCore.framework/Versions/A/QuartzCore
0x0000000012f8e000 	/System/Library/Frameworks/Carbon.framework/Versions/A/Frameworks/SpeechRecognition.framework/Versions/A/SpeechRecognition
0x0000000012f8e000 	/usr/lib/libauto.dylib
0x0000000012f8e000 	/usr/lib/libxml2.2.dylib
0x0000000012f8e000 	/System/Library/PrivateFrameworks/CoreUI.framework/Versions/A/CoreUI
0x0000000012f8e000 	/System/Library/Frameworks/CoreAudio.framework/Versions/A/CoreAudio
0x0000000012f8e000 	/System/Library/Frameworks/DiskArbitration.framework/Versions/A/DiskArbitration
0x0000000012f8e000 	/usr/lib/liblangid.dylib
0x0000000012f8e000 	/System/Library/PrivateFrameworks/MultitouchSupport.framework/Versions/A/MultitouchSupport
0x0000000012f8e000 	/System/Library/Frameworks/IOKit.framework/Versions/A/IOKit
0x0000000012f8e000 	/usr/lib/libDiagnosticMessagesClient.dylib
0x0000000012f8e000 	/System/Library/Frameworks/CoreServices.framework/Versions/A/CoreServices
0x0000000012f8e000 	/System/Library/PrivateFrameworks/PerformanceAnalysis.framework/Versions/A/PerformanceAnalysis
0x0000000012f8e000 	/System/Library/Frameworks/OpenGL.framework/Versions/A/OpenGL
0x0000000012f8e000 	/System/Library/Frameworks/ColorSync.framework/Versions/A/ColorSync
0x0000000012f8e000 	/System/Library/Frameworks/CoreImage.framework/Versions/A/CoreImage
0x0000000012f8e000 	/System/Library/Frameworks/CoreText.framework/Versions/A/CoreText
0x0000000012f8e000 	/System/Library/Frameworks/ImageIO.framework/Versions/A/ImageIO
0x0000000012f8e000 	/System/Library/PrivateFrameworks/Backup.framework/Versions/A/Backup
0x0000000012f8e000 	/usr/lib/libarchive.2.dylib
0x0000000012f8e000 	/System/Library/Frameworks/CFNetwork.framework/Versions/A/CFNetwork
0x0000000012f8e000 	/System/Library/Frameworks/SystemConfiguration.framework/Versions/A/SystemConfiguration
0x0000000012f8e000 	/usr/lib/libCRFSuite.dylib
0x0000000012f8e000 	/usr/lib/libc++.1.dylib
0x0000000012f8e000 	/usr/lib/libc++abi.dylib
0x0000000012f8e000 	/usr/lib/system/libcache.dylib
0x0000000012f8e000 	/usr/lib/system/libcommonCrypto.dylib
0x0000000012f8e000 	/usr/lib/system/libcompiler_rt.dylib
0x0000000012f8e000 	/usr/lib/system/libcopyfile.dylib
0x0000000012f8e000 	/usr/lib/system/libcorecrypto.dylib
0x0000000012f8e000 	/usr/lib/system/libdispatch.dylib
0x0000000012f8e000 	/usr/lib/system/libdyld.dylib
0x0000000012f8e000 	/usr/lib/system/libkeymgr.dylib
0x0000000012f8e000 	/usr/lib/system/liblaunch.dylib
0x0000000012f8e000 	/usr/lib/system/libmacho.dylib
0x0000000012f8e000 	/usr/lib/system/libquarantine.dylib
0x0000000012f8e000 	/usr/lib/system/libremovefile.dylib
0x0000000012f8e000 	/usr/lib/system/libsystem_asl.dylib
0x0000000012f8e000 	/usr/lib/system/libsystem_blocks.dylib
0x0000000012f8e000 	/usr/lib/system/libsystem_c.dylib
0x0000000012f8e000 	/usr/lib/system/libsystem_configuration.dylib
0x0000000012f8e000 	/usr/lib/system/libsystem_coreservices.dylib
0x0000000012f8e000 	/usr/lib/system/libsystem_darwin.dylib
0x0000000012f8e000 	/usr/lib/system/libsystem_dnssd.dylib
0x0000000012f8e000 	/usr/lib/system/libsystem_info.dylib
0x0000000012f8e000 	/usr/lib/system/libsystem_m.dylib
0x0000000012f8e000 	/usr/lib/system/libsystem_malloc.dylib
0x0000000012f8e000 	/usr/lib/system/libsystem_networkextension.dylib
0x0000000012f8e000 	/usr/lib/system/libsystem_notify.dylib
0x0000000012f8e000 	/usr/lib/system/libsystem_sandbox.dylib
0x0000000012f8e000 	/usr/lib/system/libsystem_secinit.dylib
0x0000000012f8e000 	/usr/lib/system/libsystem_kernel.dylib
0x0000000012f8e000 	/usr/lib/system/libsystem_platform.dylib
0x0000000012f8e000 	/usr/lib/system/libsystem_pthread.dylib
0x0000000012f8e000 	/usr/lib/system/libsystem_symptoms.dylib
0x0000000012f8e000 	/usr/lib/system/libsystem_trace.dylib
0x0000000012f8e000 	/usr/lib/system/libunwind.dylib
0x0000000012f8e000 	/usr/lib/system/libxpc.dylib
0x0000000012f8e000 	/usr/lib/libbsm.0.dylib
0x0000000012f8e000 	/usr/lib/system/libkxld.dylib
0x0000000012f8e000 	/System/Library/PrivateFrameworks/AppleFSCompression.framework/Versions/A/AppleFSCompression
0x0000000012f8e000 	/usr/lib/libOpenScriptingUtil.dylib
0x0000000012f8e000 	/usr/lib/libcoretls.dylib
0x0000000012f8e000 	/usr/lib/libcoretls_cfhelpers.dylib
0x0000000012f8e000 	/usr/lib/libpam.2.dylib
0x0000000012f8e000 	/usr/lib/libsqlite3.dylib
0x0000000012f8e000 	/usr/lib/libxar.1.dylib
0x0000000012f8e000 	/usr/lib/libbz2.1.0.dylib
0x0000000012f8e000 	/usr/lib/liblzma.5.dylib
0x0000000012f8e000 	/usr/lib/libnetwork.dylib
0x0000000012f8e000 	/usr/lib/libapple_nghttp2.dylib
0x0000000012f8e000 	/usr/lib/libpcap.A.dylib
0x0000000012f8e000 	/System/Library/Frameworks/CoreServices.framework/Versions/A/Frameworks/FSEvents.framework/Versions/A/FSEvents
0x0000000012f8e000 	/System/Library/Frameworks/CoreServices.framework/Versions/A/Frameworks/CarbonCore.framework/Versions/A/CarbonCore
0x0000000012f8e000 	/System/Library/Frameworks/CoreServices.framework/Versions/A/Frameworks/Metadata.framework/Versions/A/Metadata
0x0000000012f8e000 	/System/Library/Frameworks/CoreServices.framework/Versions/A/Frameworks/OSServices.framework/Versions/A/OSServices
0x0000000012f8e000 	/System/Library/Frameworks/CoreServices.framework/Versions/A/Frameworks/SearchKit.framework/Versions/A/SearchKit
0x0000000012f8e000 	/System/Library/Frameworks/CoreServices.framework/Versions/A/Frameworks/AE.framework/Versions/A/AE
0x0000000012f8e000 	/System/Library/Frameworks/CoreServices.framework/Versions/A/Frameworks/LaunchServices.framework/Versions/A/LaunchServices
0x0000000012f8e000 	/System/Library/Frameworks/CoreServices.framework/Versions/A/Frameworks/DictionaryServices.framework/Versions/A/DictionaryServices
0x0000000012f8e000 	/System/Library/Frameworks/CoreServices.framework/Versions/A/Frameworks/SharedFileList.framework/Versions/A/SharedFileList
0x0000000012f8e000 	/System/Library/Frameworks/NetFS.framework/Versions/A/NetFS
0x0000000012f8e000 	/System/Library/PrivateFrameworks/NetAuth.framework/Versions/A/NetAuth
0x0000000012f8e000 	/System/Library/PrivateFrameworks/login.framework/Versions/A/Frameworks/loginsupport.framework/Versions/A/loginsupport
0x0000000012f8e000 	/System/Library/PrivateFrameworks/TCC.framework/Versions/A/TCC
0x0000000012f8e000 	/System/Library/PrivateFrameworks/CoreNLP.framework/Versions/A/CoreNLP
0x0000000012f8e000 	/System/Library/PrivateFrameworks/MetadataUtilities.framework/Versions/A/MetadataUtilities
0x0000000012f8e000 	/usr/lib/libmecabra.dylib
0x0000000012f8e000 	/System/Library/Frameworks/ApplicationServices.framework/Versions/A/Frameworks/ATS.framework/Versions/A/ATS
0x0000000012f8e000 	/System/Library/Frameworks/ApplicationServices.framework/Versions/A/Frameworks/ColorSyncLegacy.framework/Versions/A/ColorSyncLegacy
0x0000000012f8e000 	/System/Library/Frameworks/ApplicationServices.framework/Versions/A/Frameworks/HIServices.framework/Versions/A/HIServices
0x0000000012f8e000 	/System/Library/Frameworks/ApplicationServices.framework/Versions/A/Frameworks/LangAnalysis.framework/Versions/A/LangAnalysis
0x0000000012f8e000 	/System/Library/Frameworks/ApplicationServices.framework/Versions/A/Frameworks/PrintCore.framework/Versions/A/PrintCore
0x0000000012f8e000 	/System/Library/Frameworks/ApplicationServices.framework/Versions/A/Frameworks/QD.framework/Versions/A/QD
0x0000000012f8e000 	/System/Library/Frameworks/ApplicationServices.framework/Versions/A/Frameworks/SpeechSynthesis.framework/Versions/A/SpeechSynthesis
0x0000000012f8e000 	/usr/lib/libcompression.dylib
0x0000000012f8e000 	/System/Library/Frameworks/MetalPerformanceShaders.framework/Versions/A/MetalPerformanceShaders
0x0000000012f8e000 	/System/Library/Frameworks/Accelerate.framework/Versions/A/Frameworks/vImage.framework/Versions/A/vImage
0x0000000012f8e000 	/System/Library/Frameworks/Accelerate.framework/Versions/A/Frameworks/vecLib.framework/Versions/A/vecLib
0x0000000012f8e000 	/System/Library/Frameworks/Accelerate.framework/Versions/A/Frameworks/vecLib.framework/Versions/A/libvMisc.dylib
0x0000000012f8e000 	/System/Library/Frameworks/Accelerate.framework/Versions/A/Frameworks/vecLib.framework/Versions/A/libvDSP.dylib
0x0000000012f8e000 	/System/Library/Frameworks/Accelerate.framework/Versions/A/Frameworks/vecLib.framework/Versions/A/libBLAS.dylib
0x0000000012f8e000 	/System/Library/Frameworks/Accelerate.framework/Versions/A/Frameworks/vecLib.framework/Versions/A/libLAPACK.dylib
0x0000000012f8e000 	/System/Library/Frameworks/Accelerate.framework/Versions/A/Frameworks/vecLib.framework/Versions/A/libLinearAlgebra.dylib
0x0000000012f8e000 	/System/Library/Frameworks/Accelerate.framework/Versions/A/Frameworks/vecLib.framework/Versions/A/libSparseBLAS.dylib
0x0000000012f8e000 	/System/Library/Frameworks/Accelerate.framework/Versions/A/Frameworks/vecLib.framework/Versions/A/libQuadrature.dylib
0x0000000012f8e000 	/System/Library/Frameworks/Accelerate.framework/Versions/A/Frameworks/vecLib.framework/Versions/A/libBNNS.dylib
0x0000000012f8e000 	/System/Library/Frameworks/Accelerate.framework/Versions/A/Frameworks/vecLib.framework/Versions/A/libSparse.dylib
0x0000000012f8e000 	/System/Library/PrivateFrameworks/GPUWrangler.framework/Versions/A/GPUWrangler
0x0000000012f8e000 	/System/Library/PrivateFrameworks/IOAccelerator.framework/Versions/A/IOAccelerator
0x0000000012f8e000 	/System/Library/PrivateFrameworks/IOPresentment.framework/Versions/A/IOPresentment
0x0000000012f8e000 	/System/Library/PrivateFrameworks/DSExternalDisplay.framework/Versions/A/DSExternalDisplay
0x0000000012f8e000 	/System/Library/Frameworks/OpenGL.framework/Versions/A/Libraries/libCoreFSCache.dylib
0x0000000012f8e000 	/System/Library/Frameworks/MetalPerformanceShaders.framework/Frameworks/MPSCore.framework/Versions/A/MPSCore
0x0000000012f8e000 	/System/Library/Frameworks/MetalPerformanceShaders.framework/Frameworks/MPSImage.framework/Versions/A/MPSImage
0x0000000012f8e000 	/System/Library/Frameworks/MetalPerformanceShaders.framework/Frameworks/MPSNeuralNetwork.framework/Versions/A/MPSNeuralNetwork
0x0000000012f8e000 	/System/Library/Frameworks/MetalPerformanceShaders.framework/Frameworks/MPSMatrix.framework/Versions/A/MPSMatrix
0x0000000012f8e000 	/System/Library/Frameworks/MetalPerformanceShaders.framework/Frameworks/MPSRayIntersector.framework/Versions/A/MPSRayIntersector
0x0000000012f8e000 	/System/Library/PrivateFrameworks/MetalTools.framework/Versions/A/MetalTools
0x0000000012f8e000 	/System/Library/PrivateFrameworks/AggregateDictionary.framework/Versions/A/AggregateDictionary
0x0000000012f8e000 	/usr/lib/libMobileGestalt.dylib
0x0000000012f8e000 	/System/Library/Frameworks/CoreVideo.framework/Versions/A/CoreVideo
0x0000000012f8e000 	/System/Library/PrivateFrameworks/GraphVisualizer.framework/Versions/A/GraphVisualizer
0x0000000012f8e000 	/System/Library/PrivateFrameworks/FaceCore.framework/Versions/A/FaceCore
0x0000000012f8e000 	/System/Library/Frameworks/OpenCL.framework/Versions/A/OpenCL
0x0000000012f8e000 	/usr/lib/libFosl_dynamic.dylib
0x0000000012f8e000 	/System/Library/PrivateFrameworks/OTSVG.framework/Versions/A/OTSVG
0x0000000012f8e000 	/System/Library/Frameworks/ApplicationServices.framework/Versions/A/Frameworks/ATS.framework/Versions/A/Resources/libFontParser.dylib
0x0000000012f8e000 	/System/Library/Frameworks/ApplicationServices.framework/Versions/A/Frameworks/ATS.framework/Versions/A/Resources/libFontRegistry.dylib
0x0000000012f8e000 	/System/Library/Frameworks/ImageIO.framework/Versions/A/Resources/libJPEG.dylib
0x0000000012f8e000 	/System/Library/Frameworks/ImageIO.framework/Versions/A/Resources/libTIFF.dylib
0x0000000012f8e000 	/System/Library/Frameworks/ImageIO.framework/Versions/A/Resources/libPng.dylib
0x0000000012f8e000 	/System/Library/Frameworks/ImageIO.framework/Versions/A/Resources/libGIF.dylib
0x0000000012f8e000 	/System/Library/Frameworks/ImageIO.framework/Versions/A/Resources/libJP2.dylib
0x0000000012f8e000 	/System/Library/Frameworks/ImageIO.framework/Versions/A/Resources/libRadiance.dylib
0x0000000012f8e000 	/System/Library/PrivateFrameworks/AppleJPEG.framework/Versions/A/AppleJPEG
0x0000000012f8e000 	/System/Library/Frameworks/OpenGL.framework/Versions/A/Libraries/libGFXShared.dylib
0x0000000012f8e000 	/System/Library/Frameworks/OpenGL.framework/Versions/A/Libraries/libGLU.dylib
0x0000000012f8e000 	/System/Library/Frameworks/OpenGL.framework/Versions/A/Libraries/libGL.dylib
0x0000000012f8e000 	/System/Library/Frameworks/OpenGL.framework/Versions/A/Libraries/libGLImage.dylib
0x0000000012f8e000 	/System/Library/Frameworks/OpenGL.framework/Versions/A/Libraries/libCVMSPluginSupport.dylib
0x0000000012f8e000 	/System/Library/Frameworks/OpenGL.framework/Versions/A/Libraries/libCoreVMClient.dylib
0x0000000012f8e000 	/usr/lib/libcups.2.dylib
0x0000000012f8e000 	/System/Library/Frameworks/Kerberos.framework/Versions/A/Kerberos
0x0000000012f8e000 	/System/Library/Frameworks/GSS.framework/Versions/A/GSS
0x0000000012f8e000 	/usr/lib/libresolv.9.dylib
0x0000000012f8e000 	/usr/lib/libiconv.2.dylib
0x0000000012f8e000 	/System/Library/PrivateFrameworks/Heimdal.framework/Versions/A/Heimdal
0x0000000012f8e000 	/usr/lib/libheimdal-asn1.dylib
0x0000000012f8e000 	/System/Library/Frameworks/OpenDirectory.framework/Versions/A/OpenDirectory
0x0000000012f8e000 	/System/Library/PrivateFrameworks/CommonAuth.framework/Versions/A/CommonAuth
0x0000000012f8e000 	/System/Library/Frameworks/OpenDirectory.framework/Versions/A/Frameworks/CFOpenDirectory.framework/Versions/A/CFOpenDirectory
0x0000000012f8e000 	/System/Library/Frameworks/SecurityFoundation.framework/Versions/A/SecurityFoundation
0x0000000012f8e000 	/System/Library/PrivateFrameworks/APFS.framework/Versions/A/APFS
0x0000000012f8e000 	/usr/lib/libutil.dylib
0x0000000012f8e000 	/usr/lib/libcharset.1.dylib
0x0000000012f8e000 	/System/Library/PrivateFrameworks/AppleSauce.framework/Versions/A/AppleSauce
0x0000000012f8e000 	/System/Library/PrivateFrameworks/AssertionServices.framework/Versions/A/AssertionServices
0x0000000012f8e000 	/System/Library/PrivateFrameworks/BaseBoard.framework/Versions/A/BaseBoard
0x0000000012f8e000 	/usr/lib/libmecab.1.0.0.dylib
0x0000000012f8e000 	/usr/lib/libgermantok.dylib
0x0000000012f8e000 	/usr/lib/libThaiTokenizer.dylib
0x0000000012f8e000 	/usr/lib/libChineseTokenizer.dylib
0x0000000012f8e000 	/System/Library/PrivateFrameworks/LanguageModeling.framework/Versions/A/LanguageModeling
0x0000000012f8e000 	/System/Library/PrivateFrameworks/CoreEmoji.framework/Versions/A/CoreEmoji
0x0000000012f8e000 	/System/Library/PrivateFrameworks/Lexicon.framework/Versions/A/Lexicon
0x0000000012f8e000 	/System/Library/PrivateFrameworks/LinguisticData.framework/Versions/A/LinguisticData
0x0000000012f8e000 	/usr/lib/libcmph.dylib
0x0000000012f8e000 	/System/Library/Frameworks/ServiceManagement.framework/Versions/A/ServiceManagement
0x0000000012f8e000 	/System/Library/PrivateFrameworks/BackgroundTaskManagement.framework/Versions/A/BackgroundTaskManagement
0x0000000012f8e000 	/usr/lib/libxslt.1.dylib
0x0000000012f8e000 	/System/Library/Frameworks/Carbon.framework/Versions/A/Frameworks/Ink.framework/Versions/A/Ink
0x0000000012f8e000 	/System/Library/PrivateFrameworks/TextureIO.framework/Versions/A/TextureIO
0x0000000012f8e000 	/usr/lib/libate.dylib
0x0000000012f8e000 	/System/Library/PrivateFrameworks/CrashReporterSupport.framework/Versions/A/CrashReporterSupport
0x0000000012f8e000 	/System/Library/PrivateFrameworks/Sharing.framework/Versions/A/Sharing
0x0000000012f8e000 	/System/Library/PrivateFrameworks/AuthKit.framework/Versions/A/AuthKit
0x0000000012f8e000 	/System/Library/PrivateFrameworks/Apple80211.framework/Versions/A/Apple80211
0x0000000012f8e000 	/System/Library/PrivateFrameworks/CoreUtils.framework/Versions/A/CoreUtils
0x0000000012f8e000 	/System/Library/Frameworks/CoreWLAN.framework/Versions/A/CoreWLAN
0x0000000012f8e000 	/System/Library/Frameworks/IOBluetooth.framework/Versions/A/IOBluetooth
0x0000000012f8e000 	/System/Library/PrivateFrameworks/ProtocolBuffer.framework/Versions/A/ProtocolBuffer
0x0000000012f8e000 	/System/Library/PrivateFrameworks/MobileKeyBag.framework/Versions/A/MobileKeyBag
0x0000000012f8e000 	/System/Library/PrivateFrameworks/CorePhoneNumbers.framework/Versions/A/CorePhoneNumbers
0x0000000012f8e000 	/System/Library/PrivateFrameworks/AppleIDAuthSupport.framework/Versions/A/AppleIDAuthSupport
0x0000000012f8e000 	/System/Library/PrivateFrameworks/KeychainCircle.framework/Versions/A/KeychainCircle
0x0000000012f8e000 	/System/Library/PrivateFrameworks/ROCKit.framework/Versions/A/ROCKit
0x0000000012f8e000 	/System/Library/PrivateFrameworks/CoreWiFi.framework/Versions/A/CoreWiFi
0x0000000012f8e000 	/System/Library/Frameworks/CoreBluetooth.framework/Versions/A/CoreBluetooth
0x0000000012f8e000 	/System/Library/PrivateFrameworks/DebugSymbols.framework/Versions/A/DebugSymbols
0x0000000012f8e000 	/System/Library/PrivateFrameworks/CoreSymbolication.framework/Versions/A/CoreSymbolication
0x0000000012f8e000 	/System/Library/PrivateFrameworks/Symbolication.framework/Versions/A/Symbolication
0x0000000012f8e000 	/System/Library/PrivateFrameworks/SpeechRecognitionCore.framework/Versions/A/SpeechRecognitionCore
0x0000000109000000 	/Applications/Android Studio.app/Contents/jre/jdk/Contents/Home/jre/lib/server/libjvm.dylib
0x0000000012f8e000 	/usr/lib/libstdc++.6.dylib
0x000000010863c000 	/Applications/Android Studio.app/Contents/jre/jdk/Contents/Home/jre/lib/libverify.dylib
0x0000000108648000 	/Applications/Android Studio.app/Contents/jre/jdk/Contents/Home/jre/lib/libjava.dylib
0x00000001086c6000 	/Applications/Android Studio.app/Contents/jre/jdk/Contents/Home/jre/lib/libzip.dylib
0x000000010dd8b000 	/Applications/Android Studio.app/Contents/jre/jdk/Contents/Home/jre/lib/libnet.dylib
0x000000010e276000 	/Applications/Android Studio.app/Contents/jre/jdk/Contents/Home/jre/lib/libnio.dylib
0x00000001087e6000 	/Users/development/.gradle/native/25/osx-amd64/libnative-platform.dylib
0x000000010e6b5000 	/Applications/Android Studio.app/Contents/jre/jdk/Contents/Home/jre/lib/libmanagement.dylib
0x000000010ebd8000 	/Applications/Android Studio.app/Contents/jre/jdk/Contents/Home/jre/lib/libsunec.dylib

VM Arguments:
jvm_args: -XX:+HeapDumpOnOutOfMemoryError -Xmx1024m -Dfile.encoding=UTF-8 -Duser.country=US -Duser.language=en -Duser.variant 
java_command: org.gradle.launcher.daemon.bootstrap.GradleDaemon 4.10.2
java_class_path (initial): /Users/development/.gradle/wrapper/dists/gradle-4.10.2-all/9fahxiiecdb76a5g3aw9oi8rv/gradle-4.10.2/lib/gradle-launcher-4.10.2.jar
Launcher Type: SUN_STANDARD

Environment Variables:
PATH=/usr/local/bin:/usr/local/bin:/Users/development/.rvm/gems/ruby-2.5.3/bin:/Users/development/.rvm/gems/ruby-2.5.3@global/bin:/Users/development/.rvm/rubies/ruby-2.5.3/bin:/usr/local/bin:/usr/local/bin:/usr/bin:/bin:/usr/sbin:/sbin:/Library/Frameworks/Mono.framework/Versions/Current/Commands:/Users/development/Library/Android/sdk/emulator:/Users/development/Library/Android/sdk/tools:/Users/development/Library/Android/sdk/tools/bin:/Users/development/Library/Android/sdk/platform-tools:/Users/development/.rvm/bin
SHELL=/bin/bash

Signal Handlers:
SIGSEGV: [libjvm.dylib+0x570b99], sa_mask[0]=11111111011111110111111111111111, sa_flags=SA_ONSTACK|SA_RESTART|SA_SIGINFO
SIGBUS: [libjvm.dylib+0x570b99], sa_mask[0]=11111111011111110111111111111111, sa_flags=SA_RESTART|SA_SIGINFO
SIGFPE: [libjvm.dylib+0x461f81], sa_mask[0]=11111111011111110111111111111111, sa_flags=SA_RESTART|SA_SIGINFO
SIGPIPE: [libjvm.dylib+0x461f81], sa_mask[0]=11111111011111110111111111111111, sa_flags=SA_RESTART|SA_SIGINFO
SIGXFSZ: [libjvm.dylib+0x461f81], sa_mask[0]=11111111011111110111111111111111, sa_flags=SA_RESTART|SA_SIGINFO
SIGILL: [libjvm.dylib+0x461f81], sa_mask[0]=11111111011111110111111111111111, sa_flags=SA_RESTART|SA_SIGINFO
SIGUSR1: SIG_DFL, sa_mask[0]=00000000000000000000000000000000, sa_flags=none
SIGUSR2: [libjvm.dylib+0x462892], sa_mask[0]=00100000000000000000000000000000, sa_flags=SA_RESTART|SA_SIGINFO
SIGHUP: [libjvm.dylib+0x460a7b], sa_mask[0]=11111111011111110111111111111111, sa_flags=SA_RESTART|SA_SIGINFO
SIGINT: [libjvm.dylib+0x460a7b], sa_mask[0]=11111111011111110111111111111111, sa_flags=SA_RESTART|SA_SIGINFO
SIGTERM: [libjvm.dylib+0x460a7b], sa_mask[0]=11111111011111110111111111111111, sa_flags=SA_RESTART|SA_SIGINFO
SIGQUIT: [libjvm.dylib+0x460a7b], sa_mask[0]=11111111011111110111111111111111, sa_flags=SA_RESTART|SA_SIGINFO


---------------  S Y S T E M  ---------------

OS:Bsduname:Darwin 18.6.0 Darwin Kernel Version 18.6.0: Thu Mar 14 21:02:45 PDT 2019; root:xnu-4903.260.65~14/RELEASE_X86_64 x86_64
rlimit: STACK 8192k, CORE 0k, NPROC 709, NOFILE 10240, AS infinity
load average:5.85 4.41 3.27

CPU:total 4 (initial active 4) (2 cores per cpu, 2 threads per core) family 6 model 69 stepping 1, cmov, cx8, fxsr, mmx, sse, sse2, sse3, ssse3, sse4.1, sse4.2, popcnt, avx, avx2, aes, clmul, erms, lzcnt, ht, tsc, tscinvbit, bmi1, bmi2

Memory: 4k page, physical 8388608k(35968k free)

/proc/meminfo:


vm_info: OpenJDK 64-Bit Server VM (25.152-b01) for bsd-amd64 JRE (1.8.0_152-release-1248-b01), built by "builder" with gcc 4.2.1 Compatible Apple LLVM 9.1.0 (clang-902.0.39.2)

time: Tue Apr 23 13:16:20 2019
elapsed time: 7093 seconds (0d 1h 58m 13s)

